
> serveley-landing@1.0.0 start
> react-scripts start

(node:81689) [DEP_WEBPACK_DEV_SERVER_ON_AFTER_SETUP_MIDDLEWARE] DeprecationWarning: 'onAfterSetupMiddleware' option is deprecated. Please use the 'setupMiddlewares' option.
(Use `node --trace-deprecation ...` to show where the warning was created)
(node:81689) [DEP_WEBPACK_DEV_SERVER_ON_BEFORE_SETUP_MIDDLEWARE] DeprecationWarning: 'onBeforeSetupMiddleware' option is deprecated. Please use the 'setupMiddlewares' option.
Starting the development server...

Failed to compile.

[eslint] 
src/App.js
  Line 68:35:   'useState' is not defined  no-undef
  Line 578:12:  'Divider' is not defined   react/jsx-no-undef

Search for the keywords to learn more about each error.
ERROR in [eslint] 
src/App.js
  Line 68:35:   'useState' is not defined  no-undef
  Line 578:12:  'Divider' is not defined   react/jsx-no-undef

Search for the keywords to learn more about each error.

webpack compiled with 1 error
Compiling...
Compiled successfully!
webpack compiled successfully
